2025-07-01 09:00:00 INFO Authentication Report generated
2025-07-01 09:01:35 INFO UserManagement Inventory updated
2025-07-01 09:02:57 ERROR API Payment gateway unavailable
2025-07-01 09:04:57 WARNING Database Low disk space
2025-07-01 09:06:36 INFO Reports Email sent successfully
2025-07-01 09:07:08 INFO Database Operation completed successfully
2025-07-01 09:07:48 ERROR Payment Payment gateway unavailable
2025-07-01 09:08:54 INFO Inventory Request processed
2025-07-01 09:10:13 WARNING Shipping Inventory running low
2025-07-01 09:11:18 INFO Authentication Email sent successfully
2025-07-01 09:11:45 ERROR Notification SMTP server unreachable
2025-07-01 09:12:38 INFO Inventory Backup completed
2025-07-01 09:13:12 INFO Reports Operation completed successfully
2025-07-01 09:14:27 ERROR Payment Database connection failed
2025-07-01 09:15:53 INFO Payment Session created
2025-07-01 09:17:28 INFO UserManagement User logged in
2025-07-01 09:17:55 ERROR Notification Access denied
2025-07-01 09:18:41 INFO Inventory Email sent successfully
2025-07-01 09:19:48 INFO Payment Backup completed
2025-07-01 09:21:01 WARNING Notification Cache miss detected
2025-07-01 09:22:47 INFO Notification Backup completed
2025-07-01 09:23:30 WARNING API Password expires soon
2025-07-01 09:24:18 INFO Authentication Email sent successfully
2025-07-01 09:24:53 INFO Notification Report generated
2025-07-01 09:26:26 INFO Shipping Email sent successfully
2025-07-01 09:26:54 ERROR Reports SMTP server unreachable
2025-07-01 09:27:12 INFO Reports Backup completed
2025-07-01 09:28:07 ERROR Notification API timeout
2025-07-01 09:29:43 WARNING Authentication API response delayed
2025-07-01 09:30:59 ERROR Orders API timeout
2025-07-01 09:32:40 INFO Notification Inventory updated
2025-07-01 09:33:29 INFO UserManagement Inventory updated
2025-07-01 09:33:58 ERROR API Database connection failed
2025-07-01 09:34:45 INFO Orders Payment completed
2025-07-01 09:35:34 WARNING UserManagement Low disk space
2025-07-01 09:37:22 INFO API Report generated
2025-07-01 09:37:47 INFO Notification User logged in
2025-07-01 09:39:46 WARNING Database Low disk space
2025-07-01 09:41:17 ERROR API File not found
2025-07-01 09:43:02 INFO Inventory Inventory updated
2025-07-01 09:43:51 WARNING UserManagement Low disk space
2025-07-01 09:45:04 INFO API Report generated
2025-07-01 09:46:32 ERROR Orders Payment gateway unavailable
2025-07-01 09:47:58 ERROR Reports Null pointer exception
2025-07-01 09:49:18 INFO Authentication Payment completed
2025-07-01 09:50:30 WARNING UserManagement Inventory running low
2025-07-01 09:50:53 INFO Orders Operation completed successfully
2025-07-01 09:51:57 INFO UserManagement User logged in
2025-07-01 09:53:57 WARNING Orders Retry attempt initiated
2025-07-01 09:55:39 ERROR Notification Database connection failed
2025-07-01 09:56:48 INFO Shipping Report generated
2025-07-01 09:57:04 INFO Inventory User logged in
2025-07-01 09:57:19 INFO API Backup completed
2025-07-01 09:58:11 INFO Database Session created
2025-07-01 09:59:53 INFO Notification Inventory updated
2025-07-01 10:01:02 ERROR Shipping Unexpected system error
2025-07-01 10:02:08 INFO Authentication User logged in
2025-07-01 10:02:55 INFO Orders User logged in
2025-07-01 10:04:06 WARNING Authentication Inventory running low
2025-07-01 10:04:36 INFO Notification Session created
2025-07-01 10:05:42 WARNING UserManagement Cache miss detected
2025-07-01 10:07:09 INFO Database Report generated
2025-07-01 10:08:28 INFO Notification Inventory updated
2025-07-01 10:09:25 INFO Database User logged in
2025-07-01 10:10:57 INFO Database Report generated
2025-07-01 10:11:41 INFO Orders Data synchronized
2025-07-01 10:12:11 INFO Database Payment completed
2025-07-01 10:14:00 INFO API Data synchronized
2025-07-01 10:15:55 WARNING API Retry attempt initiated
2025-07-01 10:16:54 INFO Authentication Email sent successfully
2025-07-01 10:17:27 INFO Payment Payment completed
2025-07-01 10:18:26 ERROR Reports Order processing failed
2025-07-01 10:18:56 INFO UserManagement Report generated
2025-07-01 10:20:06 WARNING API API response delayed
2025-07-01 10:21:15 WARNING API Inventory running low
2025-07-01 10:22:53 ERROR API Null pointer exception
2025-07-01 10:24:51 INFO Notification Report generated
2025-07-01 10:25:38 ERROR Database SMTP server unreachable
2025-07-01 10:26:13 INFO Database Operation completed successfully
2025-07-01 10:26:47 INFO Shipping User logged in
2025-07-01 10:28:20 INFO Database Inventory updated
2025-07-01 10:30:09 ERROR Database File not found
2025-07-01 10:30:50 WARNING Database Retry attempt initiated
2025-07-01 10:31:12 INFO Orders Backup completed
2025-07-01 10:31:47 ERROR Authentication Authentication failed
2025-07-01 10:32:36 INFO Inventory Request processed
2025-07-01 10:33:46 WARNING Orders Inventory running low
2025-07-01 10:34:48 ERROR Orders Database connection failed
2025-07-01 10:36:10 INFO Shipping Request processed
2025-07-01 10:38:06 INFO Authentication Operation completed successfully
2025-07-01 10:39:32 WARNING Inventory High memory usage
2025-07-01 10:41:22 INFO Authentication Operation completed successfully
2025-07-01 10:42:19 INFO Shipping Backup completed
2025-07-01 10:43:51 INFO Authentication Report generated
2025-07-01 10:45:24 ERROR Authentication API timeout
2025-07-01 10:47:19 INFO Orders User logged in
2025-07-01 10:48:44 INFO API Session created
2025-07-01 10:50:19 INFO API Backup completed
2025-07-01 10:50:56 INFO Notification Data synchronized
2025-07-01 10:51:19 ERROR UserManagement Payment gateway unavailable
